{
  "stats": {
    "suites": 1,
    "tests": 1,
    "passes": 1,
    "pending": 0,
    "failures": 0,
    "start": "2023-10-22T15:40:45.942Z",
    "end": "2023-10-22T15:40:45.950Z",
    "duration": 8,
    "testsRegistered": 1,
    "passPercent": 100,
    "pendingPercent": 0,
    "other": 0,
    "hasOther": false,
    "skipped": 0,
    "hasSkipped": false
  },
  "results": [
    {
      "uuid": "71819471-536f-4e3f-86c2-34b95a7a4c2f",
      "title": "",
      "fullFile": "C:\\Users\\Nauris\\OneDrive\\Desktop\\epam homework\\fixed\\introinJS\\test\\numbers-validator\\inNumberEven.spec.js",
      "file": "\\test\\numbers-validator\\inNumberEven.spec.js",
      "beforeHooks": [],
      "afterHooks": [],
      "tests": [],
      "suites": [
        {
          "uuid": "33495f58-219b-486d-9821-0ae209823f78",
          "title": "isNumberEven positive test",
          "fullFile": "C:\\Users\\Nauris\\OneDrive\\Desktop\\epam homework\\fixed\\introinJS\\test\\numbers-validator\\inNumberEven.spec.js",
          "file": "\\test\\numbers-validator\\inNumberEven.spec.js",
          "beforeHooks": [
            {
              "title": "\"before each\" hook in \"isNumberEven positive test\"",
              "fullTitle": "isNumberEven positive test \"before each\" hook in \"isNumberEven positive test\"",
              "timedOut": false,
              "duration": 0,
              "state": null,
              "speed": null,
              "pass": false,
              "fail": false,
              "pending": false,
              "context": null,
              "code": "validator = new NumbersValidator();",
              "err": {},
              "uuid": "450664a1-208b-439c-b79d-2301f0abbb68",
              "parentUUID": "33495f58-219b-486d-9821-0ae209823f78",
              "isHook": true,
              "skipped": false
            }
          ],
          "afterHooks": [],
          "tests": [
            {
              "title": "should return true when provided with an even number",
              "fullTitle": "isNumberEven positive test should return true when provided with an even number",
              "timedOut": false,
              "duration": 1,
              "state": "passed",
              "speed": "fast",
              "pass": true,
              "fail": false,
              "pending": false,
              "context": null,
              "code": "const validationResults = validator.isNumberEven(4);\nexpect(validationResults).to.be.equal(true);",
              "err": {},
              "uuid": "882f72ae-8e0a-4c7b-9875-fafa284e1f99",
              "parentUUID": "33495f58-219b-486d-9821-0ae209823f78",
              "isHook": false,
              "skipped": false
            }
          ],
          "suites": [],
          "passes": [
            "882f72ae-8e0a-4c7b-9875-fafa284e1f99"
          ],
          "failures": [],
          "pending": [],
          "skipped": [],
          "duration": 1,
          "root": false,
          "rootEmpty": false,
          "_timeout": 2000
        }
      ],
      "passes": [],
      "failures": [],
      "pending": [],
      "skipped": [],
      "duration": 0,
      "root": true,
      "rootEmpty": true,
      "_timeout": 2000
    }
  ],
  "meta": {
    "mocha": {
      "version": "10.2.0"
    },
    "mochawesome": {
      "options": {
        "quiet": false,
        "reportFilename": "mochawesome",
        "saveHtml": true,
        "saveJson": true,
        "consoleReporter": "spec",
        "useInlineDiffs": false,
        "code": true
      },
      "version": "7.1.3"
    },
    "marge": {
      "options": null,
      "version": "6.2.0"
    }
  }
}